  C:\Users\miggy\source\repos\cpsc-2377-level-7-quest-contra-MitchelCarreon\SDL2\lib\x86\libfreetype-6.dll
  C:\Users\miggy\source\repos\cpsc-2377-level-7-quest-contra-MitchelCarreon\SDL2\lib\x86\libjpeg-9.dll
  C:\Users\miggy\source\repos\cpsc-2377-level-7-quest-contra-MitchelCarreon\SDL2\lib\x86\libpng16-16.dll
  C:\Users\miggy\source\repos\cpsc-2377-level-7-quest-contra-MitchelCarreon\SDL2\lib\x86\libtiff-5.dll
  C:\Users\miggy\source\repos\cpsc-2377-level-7-quest-contra-MitchelCarreon\SDL2\lib\x86\libwebp-4.dll
  C:\Users\miggy\source\repos\cpsc-2377-level-7-quest-contra-MitchelCarreon\SDL2\lib\x86\SDL2.dll
  C:\Users\miggy\source\repos\cpsc-2377-level-7-quest-contra-MitchelCarreon\SDL2\lib\x86\SDL2_image.dll
  C:\Users\miggy\source\repos\cpsc-2377-level-7-quest-contra-MitchelCarreon\SDL2\lib\x86\SDL2_ttf.dll
  C:\Users\miggy\source\repos\cpsc-2377-level-7-quest-contra-MitchelCarreon\SDL2\lib\x86\zlib1.dll
          9 file(s) copied.
  Level.7.Quest.Assignment.vcxproj -> C:\Users\miggy\source\repos\cpsc-2377-level-7-quest-contra-MitchelCarreon\Game\Level.7.Quest.Assignment.exe
  C:\Users\miggy\source\repos\cpsc-2377-level-7-quest-contra-MitchelCarreon\libfreetype-6.dll
  C:\Users\miggy\source\repos\cpsc-2377-level-7-quest-contra-MitchelCarreon\libjpeg-9.dll
  C:\Users\miggy\source\repos\cpsc-2377-level-7-quest-contra-MitchelCarreon\libpng16-16.dll
  C:\Users\miggy\source\repos\cpsc-2377-level-7-quest-contra-MitchelCarreon\libtiff-5.dll
  C:\Users\miggy\source\repos\cpsc-2377-level-7-quest-contra-MitchelCarreon\libwebp-4.dll
  C:\Users\miggy\source\repos\cpsc-2377-level-7-quest-contra-MitchelCarreon\SDL2.dll
  C:\Users\miggy\source\repos\cpsc-2377-level-7-quest-contra-MitchelCarreon\SDL2_image.dll
  C:\Users\miggy\source\repos\cpsc-2377-level-7-quest-contra-MitchelCarreon\SDL2_ttf.dll
  C:\Users\miggy\source\repos\cpsc-2377-level-7-quest-contra-MitchelCarreon\zlib1.dll
          9 file(s) moved.
